<?xml version="1.0" encoding="UTF-8"?>
<!-- Generated by org.testng.reporters.JUnitXMLReporter -->
<testsuite ignored="4" hostname="DESKTOP-NB4I6K9" failures="0" tests="6" name="Default test" time="69.911" errors="0" timestamp="2025-04-02T12:52:10 IST">
  <testcase classname="Test.loginPageTest" name="loginWithInvalidCredentialsTest" time="2.472"/>
  <testcase classname="Test.loginPageTest" name="verifyEmptyUserEmail" time="1.456"/>
  <testcase classname="Test.loginPageTest" name="loginWithInvalidEmail" time="1.307"/>
  <testcase classname="Test.loginPageTest" name="loginWithNotRegisteredEmail" time="0.324"/>
  <testcase classname="Test.loginPageTest" name="loginwithInvalidOTP" time="2.865"/>
  <testcase classname="Test.loginPageTest" name="verifyResendOTP" time="61.428"/>
  <testcase classname="Test.loginPageTest" name="verifyAccountBlock" time="0.0">
    <ignored/>
  </testcase> <!-- verifyAccountBlock -->
  <testcase classname="Test.loginPageTest" name="verifyGoToSignPage" time="0.0">
    <ignored/>
  </testcase> <!-- verifyGoToSignPage -->
  <testcase classname="Test.loginPageTest" name="verifyAccountBlockOnGetOtpPage" time="0.0">
    <ignored/>
  </testcase> <!-- verifyAccountBlockOnGetOtpPage -->
  <testcase classname="Test.loginPageTest" name="loginWithValidCredentialsTest" time="0.0">
    <ignored/>
  </testcase> <!-- loginWithValidCredentialsTest -->
</testsuite> <!-- Default test -->
