<?xml version="1.0" encoding="UTF-8"?>
<!-- Generated by org.testng.reporters.JUnitXMLReporter -->
<testsuite ignored="10" hostname="DESKTOP-NB4I6K9" failures="0" tests="2" name="Default test" time="5.107" errors="0" timestamp="2025-04-02T13:59:40 IST">
  <testcase classname="Test.loginPageTest" name="loginWithInvalidCredentialsTest" time="3.725"/>
  <testcase classname="Test.loginPageTest" name="verifyAdminViewerLoginBlock" time="1.334"/>
  <testcase classname="Test.loginPageTest" name="verifySameEmailOnOtpPage" time="0.0">
    <ignored/>
  </testcase> <!-- verifySameEmailOnOtpPage -->
  <testcase classname="Test.loginPageTest" name="loginWithInvalidEmail" time="0.0">
    <ignored/>
  </testcase> <!-- loginWithInvalidEmail -->
  <testcase classname="Test.loginPageTest" name="loginwithInvalidOTP" time="0.0">
    <ignored/>
  </testcase> <!-- loginwithInvalidOTP -->
  <testcase classname="Test.loginPageTest" name="verifyResendOTP" time="0.0">
    <ignored/>
  </testcase> <!-- verifyResendOTP -->
  <testcase classname="Test.loginPageTest" name="verifyAccountBlockOnGetOtpPage" time="0.0">
    <ignored/>
  </testcase> <!-- verifyAccountBlockOnGetOtpPage -->
  <testcase classname="Test.loginPageTest" name="verifyEmptyUserEmail" time="0.0">
    <ignored/>
  </testcase> <!-- verifyEmptyUserEmail -->
  <testcase classname="Test.loginPageTest" name="loginWithValidCredentialsTest" time="0.0">
    <ignored/>
  </testcase> <!-- loginWithValidCredentialsTest -->
  <testcase classname="Test.loginPageTest" name="loginWithNotRegisteredEmail" time="0.0">
    <ignored/>
  </testcase> <!-- loginWithNotRegisteredEmail -->
  <testcase classname="Test.loginPageTest" name="verifyAccountBlock" time="0.0">
    <ignored/>
  </testcase> <!-- verifyAccountBlock -->
  <testcase classname="Test.loginPageTest" name="verifyGoToSignPage" time="0.0">
    <ignored/>
  </testcase> <!-- verifyGoToSignPage -->
</testsuite> <!-- Default test -->
