<?xml version="1.0" encoding="UTF-8"?>
<!-- Generated by org.testng.reporters.JUnitXMLReporter -->
<testsuite ignored="0" hostname="DESKTOP-NB4I6K9" failures="1" tests="1" name="Login Tests" time="8.955" errors="0" timestamp="2025-03-25T10:52:53 IST">
  <testcase classname="Test.loginPageTest" name="loginWithValidCredentialsTest" time="1.81">
    <failure type="java.lang.StringIndexOutOfBoundsException" message="Index 5 out of bounds for length 5">
      <![CDATA[java.lang.StringIndexOutOfBoundsException: Index 5 out of bounds for length 5
at java.base/jdk.internal.util.Preconditions$1.apply(Preconditions.java:55)
at java.base/jdk.internal.util.Preconditions$1.apply(Preconditions.java:52)
at java.base/jdk.internal.util.Preconditions$4.apply(Preconditions.java:213)
at java.base/jdk.internal.util.Preconditions$4.apply(Preconditions.java:210)
at java.base/jdk.internal.util.Preconditions.outOfBounds(Preconditions.java:98)
at java.base/jdk.internal.util.Preconditions.outOfBoundsCheckIndex(Preconditions.java:106)
at java.base/jdk.internal.util.Preconditions.checkIndex(Preconditions.java:302)
at java.base/java.lang.String.checkIndex(String.java:4930)
at java.base/java.lang.StringLatin1.charAt(StringLatin1.java:46)
at java.base/java.lang.String.charAt(String.java:1629)
at POM.loginPage.enterOTP(loginPage.java:78)
at Test.loginPageTest.loginWithValidCredentialsTest(loginPageTest.java:36)
at java.base/java.util.ArrayList.forEach(ArrayList.java:1597)
... Removed 25 stack frames]]>
    </failure>
  </testcase> <!-- loginWithValidCredentialsTest -->
</testsuite> <!-- Login Tests -->
