<?xml version="1.0" encoding="UTF-8"?>
<!-- Generated by org.testng.reporters.JUnitXMLReporter -->
<testsuite ignored="0" hostname="DESKTOP-NB4I6K9" failures="1" tests="14" name="Zygal Connect Mobile App Test Cases" time="289.78" errors="0" timestamp="2025-04-21T11:07:42 IST">
  <testcase classname="Test.loginPageTest" name="loginWithValidCredentialsTest" time="8.177"/>
  <testcase classname="Test.loginPageTest" name="loginWithInvalidCredentialsTest" time="4.041"/>
  <testcase classname="Test.loginPageTest" name="verifyEmptyUserEmail" time="0.817"/>
  <testcase classname="Test.loginPageTest" name="loginWithInvalidEmail" time="0.859"/>
  <testcase classname="Test.loginPageTest" name="loginWithNotRegisteredEmail" time="0.743"/>
  <testcase classname="Test.loginPageTest" name="verifyAdminViewerLoginBlock" time="0.731"/>
  <testcase classname="Test.loginPageTest" name="loginwithWrongOTP" time="2.627"/>
  <testcase classname="Test.loginPageTest" name="verifySameEmailOnOtpPage" time="0.048"/>
  <testcase classname="Test.loginPageTest" name="verifyAccountBlock" time="12.495"/>
  <testcase classname="Test.loginPageTest" name="verifyGoToSignPage" time="2.25"/>
  <testcase classname="Test.loginPageTest" name="verifyAccountBlockOnGetOtpPage" time="0.82"/>
  <testcase classname="Test.loginPageTest" name="verifyResendOTP" time="63.903"/>
  <testcase classname="Test.loginPageTest" name="verifyAccountBlockOnResendOtp" time="192.111">
    <failure type="java.lang.AssertionError" message="Error message isn&amp;apos;t as expected expected [You have reached the maximum login attempts for the day. Please try again after 24 hours.] but found [Max OTP retry limit reached. Please try again later]">
      <![CDATA[java.lang.AssertionError: Error message isn't as expected expected [You have reached the maximum login attempts for the day. Please try again after 24 hours.] but found [Max OTP retry limit reached. Please try again later]
at Test.loginPageTest.verifyAccountBlockOnResendOtp(loginPageTest.java:276)
at java.base/java.util.ArrayList.forEach(ArrayList.java:1597)
... Removed 30 stack frames]]>
    </failure>
  </testcase> <!-- verifyAccountBlockOnResendOtp -->
  <testcase classname="Test.homePageTest" name="verifyHomePageLoads" time="0.029"/>
</testsuite> <!-- Zygal Connect Mobile App Test Cases -->
