<?xml version="1.0" encoding="UTF-8"?>
<!-- Generated by org.testng.reporters.JUnitXMLReporter -->
<testsuite ignored="0" hostname="DESKTOP-NB4I6K9" failures="0" tests="3" name="Zygal Connect Mobile App Test Cases" time="16.083" errors="0" timestamp="2025-03-27T13:35:23 IST">
  <testcase classname="Test.loginPageTest" name="loginWithValidCredentialsTest" time="7.93"/>
  <testcase classname="Test.loginPageTest" name="loginWithInvalidCredentialsTest" time="8.079"/>
  <testcase classname="Test.homePageTest" name="verifyHomePageLoads" time="0.024"/>
</testsuite> <!-- Zygal Connect Mobile App Test Cases -->
