<?xml version="1.0" encoding="UTF-8"?>
<testng-results ignored="0" total="2" passed="2" failed="0" skipped="0">
  <reporter-output>
  </reporter-output>
  <suite started-at="2025-03-26T11:44:02 IST" name="Automation Suite" finished-at="2025-03-26T11:44:10 IST" duration-ms="7481">
    <groups>
    </groups>
    <test started-at="2025-03-26T11:44:02 IST" name="Zygal Connect Mobile App Test Cases" finished-at="2025-03-26T11:44:10 IST" duration-ms="7481">
      <class name="Test.loginPageTest">
        <test-method is-config="true" signature="browserLaunch()[pri:0, instance:Test.loginPageTest@3d9f6567]" started-at="2025-03-26T11:44:02 IST" name="browserLaunch" finished-at="2025-03-26T11:44:05 IST" duration-ms="2310" status="PASS">
          <reporter-output>
          </reporter-output>
        </test-method> <!-- browserLaunch -->
        <test-method signature="loginWithValidCredentialsTest()[pri:0, instance:Test.loginPageTest@3d9f6567]" started-at="2025-03-26T11:44:05 IST" name="loginWithValidCredentialsTest" description="User Login with Valid Credentials" finished-at="2025-03-26T11:44:10 IST" duration-ms="5096" status="PASS">
          <reporter-output>
          </reporter-output>
        </test-method> <!-- loginWithValidCredentialsTest -->
      </class> <!-- Test.loginPageTest -->
      <class name="Test.homePageTest">
        <test-method signature="verifyHomePageLoads()[pri:0, instance:Test.homePageTest@18c5069b]" started-at="2025-03-26T11:44:10 IST" name="verifyHomePageLoads" description="Verify Home Page Loads Successfully" finished-at="2025-03-26T11:44:10 IST" depends-on-methods="Test.loginPageTest.loginWithValidCredentialsTest" duration-ms="28" status="PASS">
          <reporter-output>
          </reporter-output>
        </test-method> <!-- verifyHomePageLoads -->
      </class> <!-- Test.homePageTest -->
    </test> <!-- Zygal Connect Mobile App Test Cases -->
  </suite> <!-- Automation Suite -->
</testng-results>
